starting backup at Sun Nov 23 10:31:59 PM UTC 2025........
tar: Removing leading `/' from member names
tar: Removing leading `/' from hard link targets
local backup ok: backup_2025-11-23_22-31-59.tar.gz
ssh: connect to host 10.106.1.128 port 22: Connection timed out
scp: Connection closed
error: upload failed
finished at Sun Nov 23 10:34:26 PM UTC 2025
starting backup at Sun Nov 23 10:39:50 PM UTC 2025........
tar: Removing leading `/' from member names
tar: Removing leading `/' from hard link targets
local backup successful  backup_2025-11-23_22-39-50.tar.gz
ssh: connect to host 127.0.0.1 port 22: Connection refused
scp: Connection closed
error: upload failed
finished at Sun Nov 23 10:39:56 PM UTC 2025
starting backup at Sun Nov 23 10:45:03 PM UTC 2025........
tar: Removing leading `/' from member names
tar: Removing leading `/' from hard link targets
local backup successful  backup_2025-11-23_22-45-03.tar.gz
Warning: Permanently added '127.0.0.1' (ED25519) to the list of known hosts.
upload success to 127.0.0.1
finished at Sun Nov 23 10:45:36 PM UTC 2025
starting backup at Tue Nov 25 04:20:07 AM UTC 2025........
tar: Removing leading `/' from member names
tar: Removing leading `/' from hard link targets
